<?xml version="1.0" encoding="utf-8"?><testsuites><testsuite name="pytest" errors="0" failures="1" skipped="0" tests="19" time="0.265" timestamp="2021-10-11T16:49:51.854172" hostname="DESKTOP-NVG1FF9"><testcase classname="tests.test_accum" name="test_accumulator_init" time="0.002" /><testcase classname="tests.test_accum" name="test_accumulator_add_one" time="0.001" /><testcase classname="tests.test_accum" name="test_accumulator_add_three" time="0.003" /><testcase classname="tests.test_accum" name="test_accumulator_add_twice" time="0.002" /><testcase classname="tests.test_accum" name="test_accumulator_cannot_set_count_directly" time="0.005" /><testcase classname="tests.test_accum2" name="test_accumlator_add_one" time="0.003"><failure message="assert 4 == 5&#10; +  where 4 = &lt;stuff.accum.Accumulator object at 0x000001BE20472890&gt;.count">accum = &lt;stuff.accum.Accumulator object at 0x000001BE20472890&gt;

    def test_accumlator_add_one(accum):
        accum.add(4)
&gt;       assert accum.count==5
E       assert 4 == 5
E        +  where 4 = &lt;stuff.accum.Accumulator object at 0x000001BE20472890&gt;.count

tests\test_accum2.py:14: AssertionError</failure></testcase><testcase classname="tests.test_accum2" name="test_accumulator_cannot_set_count_directly" time="0.001" /><testcase classname="tests.test_math" name="test_one_plus_one" time="0.001" /><testcase classname="tests.test_math" name="test_one_plus_two" time="0.001" /><testcase classname="tests.test_math" name="test_divide_by_zero" time="0.001" /><testcase classname="tests.test_math" name="test_multiply_two_postivie_int" time="0.001" /><testcase classname="tests.test_math" name="test_multiply_identity" time="0.001" /><testcase classname="tests.test_math" name="test_multiply_zero" time="0.001" /><testcase classname="tests.test_math" name="test_multiplication[2-3-6]" time="0.003" /><testcase classname="tests.test_math" name="test_multiplication[1-22-22]" time="0.002" /><testcase classname="tests.test_math" name="test_multiplication[0-28-0]" time="0.003" /><testcase classname="tests.test_math" name="test_multiplication[3--4--12]" time="0.003" /><testcase classname="tests.test_math" name="test_multiplication[-2--2-4]" time="0.002" /><testcase classname="tests.test_math" name="test_multiplication[2.5-6.7-16.75]" time="0.002" /></testsuite></testsuites>